Copyright 1986-2018 Xilinx, Inc. All Rights Reserved.
------------------------------------------------------------------------------------
| Tool Version : Vivado v.2018.2 (win64) Build 2258646 Thu Jun 14 20:03:12 MDT 2018
| Date         : Sat Mar 16 09:59:21 2019
| Host         : DESKTOP-G7C4939 running 64-bit major release  (build 9200)
| Command      : upgrade_ip
| Device       : xc7a35tcpg236-1
------------------------------------------------------------------------------------

Upgrade Log for IP 'cpuram'

1. Summary
----------

SUCCESS in the upgrade of cpuram from xilinx.com:ip:blk_mem_gen:8.3 (Rev. 6) to xilinx.com:ip:blk_mem_gen:8.4 (Rev. 1)






Copyright 1986-2017 Xilinx, Inc. All Rights Reserved.
------------------------------------------------------------------------------------
| Tool Version : Vivado v.2017.2 (win64) Build 1909853 Thu Jun 15 18:39:09 MDT 2017
| Date         : Sat Mar 10 18:56:36 2018
| Host         : DESKTOP-G7C4939 running 64-bit major release  (build 9200)
| Command      : upgrade_ip
| Device       : xc7a35tcpg236-1
------------------------------------------------------------------------------------

Upgrade Log for IP 'cpuram'

1. Summary
----------

SUCCESS in the upgrade of cpuram (xilinx.com:ip:blk_mem_gen:8.3) from (Rev. 4) to (Rev. 6)

