
*** Running vivado
    with args -log cpu.vds -m64 -product Vivado -mode batch -messageDb vivado.pb -notrace -source cpu.tcl


****** Vivado v2018.2 (64-bit)
  **** SW Build 2258646 on Thu Jun 14 20:03:12 MDT 2018
  **** IP Build 2256618 on Thu Jun 14 22:10:49 MDT 2018
    ** Copyright 1986-2018 Xilinx, Inc. All Rights Reserved.

source cpu.tcl -notrace
Command: synth_design -top cpu -part xc7a35tcpg236-1
Starting synth_design
Attempting to get a license for feature 'Synthesis' and/or device 'xc7a35t'
INFO: [Common 17-349] Got license for feature 'Synthesis' and/or device 'xc7a35t'
INFO: Launching helper process for spawning children vivado processes
INFO: Helper process launched with PID 12224 
---------------------------------------------------------------------------------
Starting RTL Elaboration : Time (s): cpu = 00:00:02 ; elapsed = 00:00:02 . Memory (MB): peak = 357.508 ; gain = 99.207
---------------------------------------------------------------------------------
INFO: [Synth 8-638] synthesizing module 'cpu' [C:/Users/ariel/OneDrive/Documents/GVSU/EGR_426/Project_3/Project_3.srcs/sources_1/new/cpu.vhd:18]
INFO: [Synth 8-3491] module 'bcd_sevenseg' declared at 'C:/Users/ariel/OneDrive/Documents/GVSU/EGR_426/Project_3/Project_3.srcs/sources_1/new/bcd_sevenseg.vhd:4' bound to instance 'BCD1' of component 'bcd_sevenseg' [C:/Users/ariel/OneDrive/Documents/GVSU/EGR_426/Project_3/Project_3.srcs/sources_1/new/cpu.vhd:120]
INFO: [Synth 8-638] synthesizing module 'bcd_sevenseg' [C:/Users/ariel/OneDrive/Documents/GVSU/EGR_426/Project_3/Project_3.srcs/sources_1/new/bcd_sevenseg.vhd:9]
INFO: [Synth 8-256] done synthesizing module 'bcd_sevenseg' (1#1) [C:/Users/ariel/OneDrive/Documents/GVSU/EGR_426/Project_3/Project_3.srcs/sources_1/new/bcd_sevenseg.vhd:9]
INFO: [Synth 8-3491] module 'bcd_sevenseg' declared at 'C:/Users/ariel/OneDrive/Documents/GVSU/EGR_426/Project_3/Project_3.srcs/sources_1/new/bcd_sevenseg.vhd:4' bound to instance 'BCD2' of component 'bcd_sevenseg' [C:/Users/ariel/OneDrive/Documents/GVSU/EGR_426/Project_3/Project_3.srcs/sources_1/new/cpu.vhd:121]
INFO: [Synth 8-3491] module 'sevenseg_mux' declared at 'C:/Users/ariel/OneDrive/Documents/GVSU/EGR_426/Project_3/Project_3.srcs/sources_1/new/sevenseg_mux.vhd:4' bound to instance 'MUX1' of component 'sevenseg_mux' [C:/Users/ariel/OneDrive/Documents/GVSU/EGR_426/Project_3/Project_3.srcs/sources_1/new/cpu.vhd:123]
INFO: [Synth 8-638] synthesizing module 'sevenseg_mux' [C:/Users/ariel/OneDrive/Documents/GVSU/EGR_426/Project_3/Project_3.srcs/sources_1/new/sevenseg_mux.vhd:11]
INFO: [Synth 8-256] done synthesizing module 'sevenseg_mux' (2#1) [C:/Users/ariel/OneDrive/Documents/GVSU/EGR_426/Project_3/Project_3.srcs/sources_1/new/sevenseg_mux.vhd:11]
INFO: [Synth 8-3491] module 'clk_divider' declared at 'C:/Users/ariel/OneDrive/Documents/GVSU/EGR_426/Project_3/Project_3.srcs/sources_1/new/clk_divider.vhd:5' bound to instance 'C1' of component 'clk_divider' [C:/Users/ariel/OneDrive/Documents/GVSU/EGR_426/Project_3/Project_3.srcs/sources_1/new/cpu.vhd:126]
INFO: [Synth 8-638] synthesizing module 'clk_divider' [C:/Users/ariel/OneDrive/Documents/GVSU/EGR_426/Project_3/Project_3.srcs/sources_1/new/clk_divider.vhd:9]
INFO: [Synth 8-256] done synthesizing module 'clk_divider' (3#1) [C:/Users/ariel/OneDrive/Documents/GVSU/EGR_426/Project_3/Project_3.srcs/sources_1/new/clk_divider.vhd:9]
INFO: [Synth 8-3491] module 'alu' declared at 'C:/Users/ariel/OneDrive/Documents/GVSU/EGR_426/Project_3/Project_3.srcs/sources_1/new/alu.vhd:38' bound to instance 'U1' of component 'alu' [C:/Users/ariel/OneDrive/Documents/GVSU/EGR_426/Project_3/Project_3.srcs/sources_1/new/cpu.vhd:129]
INFO: [Synth 8-638] synthesizing module 'alu' [C:/Users/ariel/OneDrive/Documents/GVSU/EGR_426/Project_3/Project_3.srcs/sources_1/new/alu.vhd:45]
INFO: [Synth 8-256] done synthesizing module 'alu' (4#1) [C:/Users/ariel/OneDrive/Documents/GVSU/EGR_426/Project_3/Project_3.srcs/sources_1/new/alu.vhd:45]
INFO: [Synth 8-3491] module 'microram_sim' declared at 'C:/Users/ariel/OneDrive/Documents/GVSU/EGR_426/Project_3/Project_3.srcs/sources_1/new/microram_sim.vhd:42' bound to instance 'U2' of component 'microram_sim' [C:/Users/ariel/OneDrive/Documents/GVSU/EGR_426/Project_3/Project_3.srcs/sources_1/new/cpu.vhd:137]
INFO: [Synth 8-638] synthesizing module 'microram_sim' [C:/Users/ariel/OneDrive/Documents/GVSU/EGR_426/Project_3/Project_3.srcs/sources_1/new/microram_sim.vhd:51]
WARNING: [Synth 8-6014] Unused sequential element memaddr_reg was removed.  [C:/Users/ariel/OneDrive/Documents/GVSU/EGR_426/Project_3/Project_3.srcs/sources_1/new/microram_sim.vhd:74]
INFO: [Synth 8-256] done synthesizing module 'microram_sim' (5#1) [C:/Users/ariel/OneDrive/Documents/GVSU/EGR_426/Project_3/Project_3.srcs/sources_1/new/microram_sim.vhd:51]
INFO: [Synth 8-226] default block is never used [C:/Users/ariel/OneDrive/Documents/GVSU/EGR_426/Project_3/Project_3.srcs/sources_1/new/cpu.vhd:153]
INFO: [Synth 8-226] default block is never used [C:/Users/ariel/OneDrive/Documents/GVSU/EGR_426/Project_3/Project_3.srcs/sources_1/new/cpu.vhd:181]
WARNING: [Synth 8-6014] Unused sequential element V_reg was removed.  [C:/Users/ariel/OneDrive/Documents/GVSU/EGR_426/Project_3/Project_3.srcs/sources_1/new/cpu.vhd:174]
WARNING: [Synth 8-6014] Unused sequential element N_reg was removed.  [C:/Users/ariel/OneDrive/Documents/GVSU/EGR_426/Project_3/Project_3.srcs/sources_1/new/cpu.vhd:172]
WARNING: [Synth 8-6014] Unused sequential element Z_reg was removed.  [C:/Users/ariel/OneDrive/Documents/GVSU/EGR_426/Project_3/Project_3.srcs/sources_1/new/cpu.vhd:173]
INFO: [Synth 8-256] done synthesizing module 'cpu' (6#1) [C:/Users/ariel/OneDrive/Documents/GVSU/EGR_426/Project_3/Project_3.srcs/sources_1/new/cpu.vhd:18]
WARNING: [Synth 8-3331] design sevenseg_mux has unconnected port reset
---------------------------------------------------------------------------------
Finished RTL Elaboration : Time (s): cpu = 00:00:03 ; elapsed = 00:00:03 . Memory (MB): peak = 412.695 ; gain = 154.395
---------------------------------------------------------------------------------

Report Check Netlist: 
+------+------------------+-------+---------+-------+------------------+
|      |Item              |Errors |Warnings |Status |Description       |
+------+------------------+-------+---------+-------+------------------+
|1     |multi_driven_nets |      0|        0|Passed |Multi driven nets |
+------+------------------+-------+---------+-------+------------------+
---------------------------------------------------------------------------------
Start Handling Custom Attributes
---------------------------------------------------------------------------------
---------------------------------------------------------------------------------
Finished Handling Custom Attributes : Time (s): cpu = 00:00:03 ; elapsed = 00:00:03 . Memory (MB): peak = 412.695 ; gain = 154.395
---------------------------------------------------------------------------------
---------------------------------------------------------------------------------
Finished RTL Optimization Phase 1 : Time (s): cpu = 00:00:03 ; elapsed = 00:00:03 . Memory (MB): peak = 412.695 ; gain = 154.395
---------------------------------------------------------------------------------
INFO: [Device 21-403] Loading part xc7a35tcpg236-1
INFO: [Project 1-570] Preparing netlist for logic optimization

Processing XDC Constraints
Initializing timing engine
Parsing XDC File [C:/Users/ariel/OneDrive/Documents/GVSU/EGR_426/Project_3/Project_3.srcs/constrs_1/new/cpu_pins.xdc]
Finished Parsing XDC File [C:/Users/ariel/OneDrive/Documents/GVSU/EGR_426/Project_3/Project_3.srcs/constrs_1/new/cpu_pins.xdc]
INFO: [Project 1-236] Implementation specific constraints were found while reading constraint file [C:/Users/ariel/OneDrive/Documents/GVSU/EGR_426/Project_3/Project_3.srcs/constrs_1/new/cpu_pins.xdc]. These constraints will be ignored for synthesis but will be used in implementation. Impacted constraints are listed in the file [.Xil/cpu_propImpl.xdc].
Resolution: To avoid this warning, move constraints listed in [.Xil/cpu_propImpl.xdc] to another XDC file and exclude this new file from synthesis with the used_in_synthesis property (File Properties dialog in GUI) and re-run elaboration/synthesis.
Completed Processing XDC Constraints

INFO: [Project 1-111] Unisim Transformation Summary:
No Unisim elements were transformed.

Constraint Validation Runtime : Time (s): cpu = 00:00:00 ; elapsed = 00:00:00.003 . Memory (MB): peak = 739.035 ; gain = 0.000
---------------------------------------------------------------------------------
Finished Constraint Validation : Time (s): cpu = 00:00:12 ; elapsed = 00:00:14 . Memory (MB): peak = 739.035 ; gain = 480.734
---------------------------------------------------------------------------------
---------------------------------------------------------------------------------
Start Loading Part and Timing Information
---------------------------------------------------------------------------------
Loading part: xc7a35tcpg236-1
---------------------------------------------------------------------------------
Finished Loading Part and Timing Information : Time (s): cpu = 00:00:12 ; elapsed = 00:00:14 . Memory (MB): peak = 739.035 ; gain = 480.734
---------------------------------------------------------------------------------
---------------------------------------------------------------------------------
Start Applying 'set_property' XDC Constraints
---------------------------------------------------------------------------------
Applied set_property CLOCK_BUFFER_TYPE = NONE for clk. (constraint file  C:/Users/ariel/OneDrive/Documents/GVSU/EGR_426/Project_3/Project_3.srcs/constrs_1/new/cpu_pins.xdc, line 5).
---------------------------------------------------------------------------------
Finished applying 'set_property' XDC Constraints : Time (s): cpu = 00:00:12 ; elapsed = 00:00:14 . Memory (MB): peak = 739.035 ; gain = 480.734
---------------------------------------------------------------------------------
INFO: [Synth 8-5546] ROM "V" won't be mapped to RAM because it is too sparse
INFO: [Synth 8-5546] ROM "Z" won't be mapped to RAM because it is too sparse
INFO: [Synth 8-802] inferred FSM for state register 'CurrState_reg' in module 'cpu'
INFO: [Synth 8-5545] ROM "PC" won't be mapped to RAM because address size (32) is larger than maximum supported(25)
INFO: [Synth 8-5545] ROM "temp" won't be mapped to RAM because address size (32) is larger than maximum supported(25)
INFO: [Synth 8-5546] ROM "Exc_RegWrite" won't be mapped to RAM because it is too sparse
INFO: [Synth 8-5546] ROM "Exc_BCDWrite" won't be mapped to RAM because it is too sparse
INFO: [Synth 8-5546] ROM "Exc_IOWrite" won't be mapped to RAM because it is too sparse
INFO: [Synth 8-5546] ROM "RETVAL" won't be mapped to RAM because it is too sparse
INFO: [Synth 8-5544] ROM "IR" won't be mapped to Block RAM because address size (2) smaller than threshold (5)
INFO: [Synth 8-5544] ROM "MDR" won't be mapped to Block RAM because address size (2) smaller than threshold (5)
INFO: [Synth 8-5544] ROM "CurrState" won't be mapped to Block RAM because address size (1) smaller than threshold (5)
---------------------------------------------------------------------------------------------------
                   State |                     New Encoding |                Previous Encoding 
---------------------------------------------------------------------------------------------------
                   fetch |                               00 |                               00
                 operand |                               01 |                               01
                  memory |                               10 |                               10
                 execute |                               11 |                               11
---------------------------------------------------------------------------------------------------
INFO: [Synth 8-3354] encoded FSM with state register 'CurrState_reg' using encoding 'sequential' in module 'cpu'
---------------------------------------------------------------------------------
Finished RTL Optimization Phase 2 : Time (s): cpu = 00:00:12 ; elapsed = 00:00:14 . Memory (MB): peak = 739.035 ; gain = 480.734
---------------------------------------------------------------------------------

Report RTL Partitions: 
+-+--------------+------------+----------+
| |RTL Partition |Replication |Instances |
+-+--------------+------------+----------+
+-+--------------+------------+----------+
---------------------------------------------------------------------------------
Start RTL Component Statistics 
---------------------------------------------------------------------------------
Detailed RTL Component Info : 
+---Adders : 
	   2 Input      9 Bit       Adders := 1     
	   2 Input      8 Bit       Adders := 2     
	   3 Input      8 Bit       Adders := 1     
+---XORs : 
	   2 Input      8 Bit         XORs := 1     
+---Registers : 
	                9 Bit    Registers := 1     
	                8 Bit    Registers := 7     
	                7 Bit    Registers := 1     
	                4 Bit    Registers := 3     
	                1 Bit    Registers := 2     
+---RAMs : 
	               4K Bit         RAMs := 1     
+---Muxes : 
	   2 Input      9 Bit        Muxes := 1     
	   4 Input      9 Bit        Muxes := 2     
	   2 Input      8 Bit        Muxes := 4     
	   4 Input      8 Bit        Muxes := 1     
	   3 Input      8 Bit        Muxes := 2     
	   2 Input      7 Bit        Muxes := 1     
	   2 Input      4 Bit        Muxes := 1     
	   8 Input      2 Bit        Muxes := 1     
	   4 Input      2 Bit        Muxes := 1     
	   2 Input      2 Bit        Muxes := 1     
	   9 Input      1 Bit        Muxes := 1     
	   2 Input      1 Bit        Muxes := 6     
	   8 Input      1 Bit        Muxes := 3     
	   3 Input      1 Bit        Muxes := 4     
	   4 Input      1 Bit        Muxes := 9     
---------------------------------------------------------------------------------
Finished RTL Component Statistics 
---------------------------------------------------------------------------------
---------------------------------------------------------------------------------
Start RTL Hierarchical Component Statistics 
---------------------------------------------------------------------------------
Hierarchical RTL Component report 
Module cpu 
Detailed RTL Component Info : 
+---Adders : 
	   2 Input      9 Bit       Adders := 1     
+---Registers : 
	                9 Bit    Registers := 1     
	                8 Bit    Registers := 6     
	                4 Bit    Registers := 2     
+---Muxes : 
	   2 Input      9 Bit        Muxes := 1     
	   4 Input      9 Bit        Muxes := 2     
	   2 Input      8 Bit        Muxes := 4     
	   4 Input      8 Bit        Muxes := 1     
	   3 Input      8 Bit        Muxes := 2     
	   8 Input      2 Bit        Muxes := 1     
	   4 Input      2 Bit        Muxes := 1     
	   2 Input      2 Bit        Muxes := 1     
	   8 Input      1 Bit        Muxes := 3     
	   2 Input      1 Bit        Muxes := 5     
	   3 Input      1 Bit        Muxes := 4     
	   4 Input      1 Bit        Muxes := 9     
Module sevenseg_mux 
Detailed RTL Component Info : 
+---Registers : 
	                7 Bit    Registers := 1     
	                4 Bit    Registers := 1     
	                1 Bit    Registers := 1     
+---Muxes : 
	   2 Input      7 Bit        Muxes := 1     
	   2 Input      4 Bit        Muxes := 1     
Module clk_divider 
Detailed RTL Component Info : 
+---Registers : 
	                1 Bit    Registers := 1     
Module alu 
Detailed RTL Component Info : 
+---Adders : 
	   2 Input      8 Bit       Adders := 2     
	   3 Input      8 Bit       Adders := 1     
+---XORs : 
	   2 Input      8 Bit         XORs := 1     
+---Muxes : 
	   9 Input      1 Bit        Muxes := 1     
	   2 Input      1 Bit        Muxes := 1     
Module microram_sim 
Detailed RTL Component Info : 
+---Registers : 
	                8 Bit    Registers := 1     
+---RAMs : 
	               4K Bit         RAMs := 1     
---------------------------------------------------------------------------------
Finished RTL Hierarchical Component Statistics
---------------------------------------------------------------------------------
---------------------------------------------------------------------------------
Start Part Resource Summary
---------------------------------------------------------------------------------
Part Resources:
DSPs: 90 (col length:60)
BRAMs: 100 (col length: RAMB18 60 RAMB36 30)
---------------------------------------------------------------------------------
Finished Part Resource Summary
---------------------------------------------------------------------------------
---------------------------------------------------------------------------------
Start Cross Boundary and Area Optimization
---------------------------------------------------------------------------------
Warning: Parallel synthesis criteria is not met 
INFO: [Synth 8-5546] ROM "Exc_IOWrite" won't be mapped to RAM because it is too sparse
INFO: [Synth 8-5546] ROM "Exc_BCDWrite" won't be mapped to RAM because it is too sparse
INFO: [Synth 8-5546] ROM "Exc_RegWrite" won't be mapped to RAM because it is too sparse
INFO: [Synth 8-5545] ROM "PC" won't be mapped to RAM because address size (32) is larger than maximum supported(25)
INFO: [Synth 8-5545] ROM "temp" won't be mapped to RAM because address size (32) is larger than maximum supported(25)
INFO: [Synth 8-3886] merging instance 'MUX1/anode_out_reg[2]' (FDS) to 'MUX1/anode_out_reg[3]'
INFO: [Synth 8-3333] propagating constant 1 across sequential element (\MUX1/anode_out_reg[3] )
WARNING: [Synth 8-3332] Sequential element (MUX1/anode_out_reg[3]) is unused and will be removed from module cpu.
INFO: [Synth 8-3886] merging instance 'i_1/C1/count_reg[18]' (FDC) to 'i_1/C1/count_reg[27]'
INFO: [Synth 8-3886] merging instance 'i_1/C1/count_reg[24]' (FDC) to 'i_1/C1/count_reg[27]'
INFO: [Synth 8-3886] merging instance 'i_1/C1/count_reg[22]' (FDC) to 'i_1/C1/count_reg[27]'
INFO: [Synth 8-3886] merging instance 'i_1/C1/count_reg[20]' (FDC) to 'i_1/C1/count_reg[27]'
INFO: [Synth 8-3886] merging instance 'i_1/C1/count_reg[19]' (FDC) to 'i_1/C1/count_reg[27]'
INFO: [Synth 8-3886] merging instance 'i_1/C1/count_reg[25]' (FDC) to 'i_1/C1/count_reg[27]'
INFO: [Synth 8-3886] merging instance 'i_1/C1/count_reg[26]' (FDC) to 'i_1/C1/count_reg[27]'
INFO: [Synth 8-3886] merging instance 'i_1/C1/count_reg[27]' (FDC) to 'i_1/C1/count_reg[23]'
INFO: [Synth 8-3886] merging instance 'i_1/C1/count_reg[21]' (FDC) to 'i_1/C1/count_reg[23]'
INFO: [Synth 8-3333] propagating constant 0 across sequential element (i_1/\C1/count_reg[23] )
---------------------------------------------------------------------------------
Finished Cross Boundary and Area Optimization : Time (s): cpu = 00:00:15 ; elapsed = 00:00:16 . Memory (MB): peak = 739.035 ; gain = 480.734
---------------------------------------------------------------------------------
---------------------------------------------------------------------------------
Start ROM, RAM, DSP and Shift Register Reporting
---------------------------------------------------------------------------------

Block RAM: Preliminary Mapping  Report (see note below)
+--------------+--------------+------------------------+---+---+------------------------+---+---+------------------+--------+--------+
|Module Name   | RTL Object   | PORT A (Depth x Width) | W | R | PORT B (Depth x Width) | W | R | Ports driving FF | RAMB18 | RAMB36 | 
+--------------+--------------+------------------------+---+---+------------------------+---+---+------------------+--------+--------+
|microram_sim: | mem_data_reg | 512 x 8(WRITE_FIRST)   | W | R |                        |   |   | Port A           | 1      | 0      | 
+--------------+--------------+------------------------+---+---+------------------------+---+---+------------------+--------+--------+

Note: The tale above is a preliminary report that shows the Block RAMs at the current stage of the synthesis flow. Some Block RAMs may be reimplemented as non Block RAM primitives later in the synthesis flow. Multiple instantiated Block RAMs are reported only once. 
---------------------------------------------------------------------------------
Finished ROM, RAM, DSP and Shift Register Reporting
---------------------------------------------------------------------------------
INFO: [Synth 8-4480] The timing for the instance i_0/U2/mem_data_reg (implemented as a block RAM) might be sub-optimal as no optional output register could be merged into the block ram. Providing additional output register may help in improving timing.

Report RTL Partitions: 
+-+--------------+------------+----------+
| |RTL Partition |Replication |Instances |
+-+--------------+------------+----------+
+-+--------------+------------+----------+
---------------------------------------------------------------------------------
Start Applying XDC Timing Constraints
---------------------------------------------------------------------------------
---------------------------------------------------------------------------------
Finished Applying XDC Timing Constraints : Time (s): cpu = 00:00:24 ; elapsed = 00:00:27 . Memory (MB): peak = 739.035 ; gain = 480.734
---------------------------------------------------------------------------------
---------------------------------------------------------------------------------
Start Timing Optimization
---------------------------------------------------------------------------------
---------------------------------------------------------------------------------
Finished Timing Optimization : Time (s): cpu = 00:00:24 ; elapsed = 00:00:27 . Memory (MB): peak = 739.035 ; gain = 480.734
---------------------------------------------------------------------------------
---------------------------------------------------------------------------------
Start ROM, RAM, DSP and Shift Register Reporting
---------------------------------------------------------------------------------

Block RAM: Final Mapping  Report
+--------------+--------------+------------------------+---+---+------------------------+---+---+------------------+--------+--------+
|Module Name   | RTL Object   | PORT A (Depth x Width) | W | R | PORT B (Depth x Width) | W | R | Ports driving FF | RAMB18 | RAMB36 | 
+--------------+--------------+------------------------+---+---+------------------------+---+---+------------------+--------+--------+
|microram_sim: | mem_data_reg | 512 x 8(WRITE_FIRST)   | W | R |                        |   |   | Port A           | 1      | 0      | 
+--------------+--------------+------------------------+---+---+------------------------+---+---+------------------+--------+--------+

---------------------------------------------------------------------------------
Finished ROM, RAM, DSP and Shift Register Reporting
---------------------------------------------------------------------------------

Report RTL Partitions: 
+-+--------------+------------+----------+
| |RTL Partition |Replication |Instances |
+-+--------------+------------+----------+
+-+--------------+------------+----------+
---------------------------------------------------------------------------------
Start Technology Mapping
---------------------------------------------------------------------------------
INFO: [Synth 8-4480] The timing for the instance U2/mem_data_reg (implemented as a block RAM) might be sub-optimal as no optional output register could be merged into the block ram. Providing additional output register may help in improving timing.
---------------------------------------------------------------------------------
Finished Technology Mapping : Time (s): cpu = 00:00:24 ; elapsed = 00:00:27 . Memory (MB): peak = 763.473 ; gain = 505.172
---------------------------------------------------------------------------------

Report RTL Partitions: 
+-+--------------+------------+----------+
| |RTL Partition |Replication |Instances |
+-+--------------+------------+----------+
+-+--------------+------------+----------+
---------------------------------------------------------------------------------
Start IO Insertion
---------------------------------------------------------------------------------
---------------------------------------------------------------------------------
Start Flattening Before IO Insertion
---------------------------------------------------------------------------------
---------------------------------------------------------------------------------
Finished Flattening Before IO Insertion
---------------------------------------------------------------------------------
---------------------------------------------------------------------------------
Start Final Netlist Cleanup
---------------------------------------------------------------------------------
---------------------------------------------------------------------------------
Finished Final Netlist Cleanup
---------------------------------------------------------------------------------
---------------------------------------------------------------------------------
Finished IO Insertion : Time (s): cpu = 00:00:25 ; elapsed = 00:00:28 . Memory (MB): peak = 763.473 ; gain = 505.172
---------------------------------------------------------------------------------

Report Check Netlist: 
+------+------------------+-------+---------+-------+------------------+
|      |Item              |Errors |Warnings |Status |Description       |
+------+------------------+-------+---------+-------+------------------+
|1     |multi_driven_nets |      0|        0|Passed |Multi driven nets |
+------+------------------+-------+---------+-------+------------------+
---------------------------------------------------------------------------------
Start Renaming Generated Instances
---------------------------------------------------------------------------------
---------------------------------------------------------------------------------
Finished Renaming Generated Instances : Time (s): cpu = 00:00:25 ; elapsed = 00:00:28 . Memory (MB): peak = 763.473 ; gain = 505.172
---------------------------------------------------------------------------------

Report RTL Partitions: 
+-+--------------+------------+----------+
| |RTL Partition |Replication |Instances |
+-+--------------+------------+----------+
+-+--------------+------------+----------+
---------------------------------------------------------------------------------
Start Rebuilding User Hierarchy
---------------------------------------------------------------------------------
---------------------------------------------------------------------------------
Finished Rebuilding User Hierarchy : Time (s): cpu = 00:00:25 ; elapsed = 00:00:28 . Memory (MB): peak = 763.473 ; gain = 505.172
---------------------------------------------------------------------------------
---------------------------------------------------------------------------------
Start Renaming Generated Ports
---------------------------------------------------------------------------------
---------------------------------------------------------------------------------
Finished Renaming Generated Ports : Time (s): cpu = 00:00:25 ; elapsed = 00:00:28 . Memory (MB): peak = 763.473 ; gain = 505.172
---------------------------------------------------------------------------------
---------------------------------------------------------------------------------
Start Handling Custom Attributes
---------------------------------------------------------------------------------
---------------------------------------------------------------------------------
Finished Handling Custom Attributes : Time (s): cpu = 00:00:25 ; elapsed = 00:00:28 . Memory (MB): peak = 763.473 ; gain = 505.172
---------------------------------------------------------------------------------
---------------------------------------------------------------------------------
Start Renaming Generated Nets
---------------------------------------------------------------------------------
---------------------------------------------------------------------------------
Finished Renaming Generated Nets : Time (s): cpu = 00:00:25 ; elapsed = 00:00:28 . Memory (MB): peak = 763.473 ; gain = 505.172
---------------------------------------------------------------------------------
---------------------------------------------------------------------------------
Start Writing Synthesis Report
---------------------------------------------------------------------------------

Report BlackBoxes: 
+-+--------------+----------+
| |BlackBox name |Instances |
+-+--------------+----------+
+-+--------------+----------+

Report Cell Usage: 
+------+---------+------+
|      |Cell     |Count |
+------+---------+------+
|1     |BUFG     |     1|
|2     |CARRY4   |    17|
|3     |LUT1     |     6|
|4     |LUT2     |    23|
|5     |LUT3     |    14|
|6     |LUT4     |    30|
|7     |LUT5     |    28|
|8     |LUT6     |   108|
|9     |MUXF7    |     3|
|10    |RAMB18E1 |     1|
|11    |FDCE     |   117|
|12    |FDPE     |     1|
|13    |FDRE     |    10|
|14    |IBUF     |    19|
|15    |OBUF     |    27|
+------+---------+------+

Report Instance Areas: 
+------+---------+-------------+------+
|      |Instance |Module       |Cells |
+------+---------+-------------+------+
|1     |top      |             |   405|
|2     |  C1     |clk_divider  |    45|
|3     |  MUX1   |sevenseg_mux |    25|
|4     |  U1     |alu          |    23|
|5     |  U2     |microram_sim |   125|
+------+---------+-------------+------+
---------------------------------------------------------------------------------
Finished Writing Synthesis Report : Time (s): cpu = 00:00:25 ; elapsed = 00:00:28 . Memory (MB): peak = 763.473 ; gain = 505.172
---------------------------------------------------------------------------------
Synthesis finished with 0 errors, 0 critical warnings and 1 warnings.
Synthesis Optimization Runtime : Time (s): cpu = 00:00:16 ; elapsed = 00:00:21 . Memory (MB): peak = 763.473 ; gain = 178.832
Synthesis Optimization Complete : Time (s): cpu = 00:00:25 ; elapsed = 00:00:28 . Memory (MB): peak = 763.473 ; gain = 505.172
INFO: [Project 1-571] Translating synthesized netlist
INFO: [Netlist 29-17] Analyzing 40 Unisim elements for replacement
INFO: [Netlist 29-28] Unisim Transformation completed in 0 CPU seconds
INFO: [Project 1-570] Preparing netlist for logic optimization
INFO: [Opt 31-138] Pushed 0 inverter(s) to 0 load pin(s).
INFO: [Project 1-111] Unisim Transformation Summary:
No Unisim elements were transformed.

INFO: [Common 17-83] Releasing license: Synthesis
64 Infos, 6 Warnings, 0 Critical Warnings and 0 Errors encountered.
synth_design completed successfully
synth_design: Time (s): cpu = 00:00:27 ; elapsed = 00:00:30 . Memory (MB): peak = 763.473 ; gain = 518.180
WARNING: [Constraints 18-5210] No constraint will be written out.
INFO: [Common 17-1381] The checkpoint 'C:/Users/ariel/OneDrive/Documents/GVSU/EGR_426/Project_3/Project_3.runs/synth_1/cpu.dcp' has been generated.
INFO: [runtcl-4] Executing : report_utilization -file cpu_utilization_synth.rpt -pb cpu_utilization_synth.pb
report_utilization: Time (s): cpu = 00:00:00 ; elapsed = 00:00:00.031 . Memory (MB): peak = 763.473 ; gain = 0.000
INFO: [Common 17-206] Exiting Vivado at Thu Mar 28 03:45:23 2019...
